# JRE version: OpenJDK Runtime Environment (8.0_242-b01) (build 1.8.0_242-release-1644-b01)
# Java VM: OpenJDK 64-Bit Server VM (25.242-b01 mixed mode windows-amd64 compressed oops)
Heap:
 PSYoungGen      total 608256K, used 384746K [0x00000000d5580000, 0x00000000ff600000, 0x0000000100000000)
  eden space 525824K, 70% used [0x00000000d5580000,0x00000000ebe7e4a0,0x00000000f5700000)
  from space 82432K, 18% used [0x00000000fa580000,0x00000000fb43c758,0x00000000ff600000)
  to   space 80384K, 0% used [0x00000000f5700000,0x00000000f5700000,0x00000000fa580000)
 ParOldGen       total 249344K, used 192970K [0x0000000080000000, 0x000000008f380000, 0x00000000d5580000)
  object space 249344K, 77% used [0x0000000080000000,0x000000008bc72848,0x000000008f380000)
 Metaspace       used 123125K, capacity 131690K, committed 132632K, reserved 1165312K
  class space    used 15589K, capacity 17038K, committed 17456K, reserved 1048576K
GC Heap History (10 events):
Event: 6700.693 GC heap before
{Heap before GC invocations=76 (full 6):
 PSYoungGen      total 602624K, used 602602K [0x00000000d5580000, 0x0000000100000000, 0x0000000100000000)
  eden space 520192K, 100% used [0x00000000d5580000,0x00000000f5180000,0x00000000f5180000)
  from space 82432K, 99% used [0x00000000f5180000,0x00000000fa1fabc8,0x00000000fa200000)
  to   space 96256K, 0% used [0x00000000fa200000,0x00000000fa200000,0x0000000100000000)
 ParOldGen       total 249344K, used 159493K [0x0000000080000000, 0x000000008f380000, 0x00000000d5580000)
  object space 249344K, 63% used [0x0000000080000000,0x0000000089bc14d0,0x000000008f380000)
 Metaspace       used 120716K, capacity 126952K, committed 129944K, reserved 1163264K
  class space    used 15210K, capacity 16374K, committed 17072K, reserved 1048576K
Event: 6700.858 GC heap after
Heap after GC invocations=76 (full 6):
 PSYoungGen      total 603136K, used 18418K [0x00000000d5580000, 0x0000000100000000, 0x0000000100000000)
  eden space 506880K, 0% used [0x00000000d5580000,0x00000000d5580000,0x00000000f4480000)
  from space 96256K, 19% used [0x00000000fa200000,0x00000000fb3fcb98,0x0000000100000000)
  to   space 95744K, 0% used [0x00000000f4480000,0x00000000f4480000,0x00000000fa200000)
 ParOldGen       total 249344K, used 185758K [0x0000000080000000, 0x000000008f380000, 0x00000000d5580000)
  object space 249344K, 74% used [0x0000000080000000,0x000000008b567b20,0x000000008f380000)
 Metaspace       used 120716K, capacity 126952K, committed 129944K, reserved 1163264K
  class space    used 15210K, capacity 16374K, committed 17072K, reserved 1048576K
}
Event: 7193.818 GC heap before
{Heap before GC invocations=77 (full 6):
 PSYoungGen      total 603136K, used 525298K [0x00000000d5580000, 0x0000000100000000, 0x0000000100000000)
  eden space 506880K, 100% used [0x00000000d5580000,0x00000000f4480000,0x00000000f4480000)
  from space 96256K, 19% used [0x00000000fa200000,0x00000000fb3fcb98,0x0000000100000000)
  to   space 95744K, 0% used [0x00000000f4480000,0x00000000f4480000,0x00000000fa200000)
 ParOldGen       total 249344K, used 185758K [0x0000000080000000, 0x000000008f380000, 0x00000000d5580000)
  object space 249344K, 74% used [0x0000000080000000,0x000000008b567b20,0x000000008f380000)
 Metaspace       used 121271K, capacity 127848K, committed 129944K, reserved 1163264K
  class space    used 15284K, capacity 16477K, committed 17072K, reserved 1048576K
Event: 7193.872 GC heap after
Heap after GC invocations=77 (full 6):
 PSYoungGen      total 522752K, used 15665K [0x00000000d5580000, 0x00000000ff580000, 0x0000000100000000)
  eden space 506880K, 0% used [0x00000000d5580000,0x00000000d5580000,0x00000000f4480000)
  from space 15872K, 98% used [0x00000000f4480000,0x00000000f53cc6c0,0x00000000f5400000)
  to   space 90624K, 0% used [0x00000000f9d00000,0x00000000f9d00000,0x00000000ff580000)
 ParOldGen       total 249344K, used 189269K [0x0000000080000000, 0x000000008f380000, 0x00000000d5580000)
  object space 249344K, 75% used [0x0000000080000000,0x000000008b8d5500,0x000000008f380000)
 Metaspace       used 121271K, capacity 127848K, committed 129944K, reserved 1163264K
  class space    used 15284K, capacity 16477K, committed 17072K, reserved 1048576K
}
Event: 7727.444 GC heap before
{Heap before GC invocations=78 (full 6):
 PSYoungGen      total 522752K, used 522545K [0x00000000d5580000, 0x00000000ff580000, 0x0000000100000000)
  eden space 506880K, 100% used [0x00000000d5580000,0x00000000f4480000,0x00000000f4480000)
  from space 15872K, 98% used [0x00000000f4480000,0x00000000f53cc6c0,0x00000000f5400000)
  to   space 90624K, 0% used [0x00000000f9d00000,0x00000000f9d00000,0x00000000ff580000)
 ParOldGen       total 249344K, used 189269K [0x0000000080000000, 0x000000008f380000, 0x00000000d5580000)
  object space 249344K, 75% used [0x0000000080000000,0x000000008b8d5500,0x000000008f380000)
 Metaspace       used 122268K, capacity 130058K, committed 131480K, reserved 1163264K
  class space    used 15472K, capacity 16824K, committed 17328K, reserved 1048576K
Event: 7727.568 GC heap after
Heap after GC invocations=78 (full 6):
 PSYoungGen      total 601600K, used 15090K [0x00000000d5580000, 0x0000000100000000, 0x0000000100000000)
  eden space 510976K, 0% used [0x00000000d5580000,0x00000000d5580000,0x00000000f4880000)
  from space 90624K, 16% used [0x00000000f9d00000,0x00000000fabbcbe8,0x00000000ff580000)
  to   space 86528K, 0% used [0x00000000f4880000,0x00000000f4880000,0x00000000f9d00000)
 ParOldGen       total 249344K, used 191263K [0x0000000080000000, 0x000000008f380000, 0x00000000d5580000)
  object space 249344K, 76% used [0x0000000080000000,0x000000008bac7c48,0x000000008f380000)
 Metaspace       used 122268K, capacity 130058K, committed 131480K, reserved 1163264K
  class space    used 15472K, capacity 16824K, committed 17328K, reserved 1048576K
}
Event: 8552.264 GC heap before
{Heap before GC invocations=79 (full 6):
 PSYoungGen      total 601600K, used 525423K [0x00000000d5580000, 0x0000000100000000, 0x0000000100000000)
  eden space 510976K, 99% used [0x00000000d5580000,0x00000000f47df048,0x00000000f4880000)
  from space 90624K, 16% used [0x00000000f9d00000,0x00000000fabbcbe8,0x00000000ff580000)
  to   space 86528K, 0% used [0x00000000f4880000,0x00000000f4880000,0x00000000f9d00000)
 ParOldGen       total 249344K, used 191263K [0x0000000080000000, 0x000000008f380000, 0x00000000d5580000)
  object space 249344K, 76% used [0x0000000080000000,0x000000008bac7c48,0x000000008f380000)
 Metaspace       used 122683K, capacity 131014K, committed 132376K, reserved 1165312K
  class space    used 15545K, capacity 16960K, committed 17456K, reserved 1048576K
Event: 8552.570 GC heap after
Heap after GC invocations=79 (full 6):
 PSYoungGen      total 597504K, used 36287K [0x00000000d5580000, 0x00000000ff800000, 0x0000000100000000)
  eden space 510976K, 0% used [0x00000000d5580000,0x00000000d5580000,0x00000000f4880000)
  from space 86528K, 41% used [0x00000000f4880000,0x00000000f6befd40,0x00000000f9d00000)
  to   space 84480K, 0% used [0x00000000fa580000,0x00000000fa580000,0x00000000ff800000)
 ParOldGen       total 249344K, used 192244K [0x0000000080000000, 0x000000008f380000, 0x00000000d5580000)
  object space 249344K, 77% used [0x0000000080000000,0x000000008bbbd258,0x000000008f380000)
 Metaspace       used 122683K, capacity 131014K, committed 132376K, reserved 1165312K
  class space    used 15545K, capacity 16960K, committed 17456K, reserved 1048576K
}
Event: 9072.649 GC heap before
{Heap before GC invocations=80 (full 6):
 PSYoungGen      total 597504K, used 547263K [0x00000000d5580000, 0x00000000ff800000, 0x0000000100000000)
  eden space 510976K, 100% used [0x00000000d5580000,0x00000000f4880000,0x00000000f4880000)
  from space 86528K, 41% used [0x00000000f4880000,0x00000000f6befd40,0x00000000f9d00000)
  to   space 84480K, 0% used [0x00000000fa580000,0x00000000fa580000,0x00000000ff800000)
 ParOldGen       total 249344K, used 192244K [0x0000000080000000, 0x000000008f380000, 0x00000000d5580000)
  object space 249344K, 77% used [0x0000000080000000,0x000000008bbbd258,0x000000008f380000)
 Metaspace       used 122949K, capacity 131494K, committed 132632K, reserved 1165312K
  class space    used 15582K, capacity 17028K, committed 17456K, reserved 1048576K
Event: 9073.001 GC heap after
Heap after GC invocations=80 (full 6):
 PSYoungGen      total 608256K, used 15089K [0x00000000d5580000, 0x00000000ff600000, 0x0000000100000000)
  eden space 525824K, 0% used [0x00000000d5580000,0x00000000d5580000,0x00000000f5700000)
  from space 82432K, 18% used [0x00000000fa580000,0x00000000fb43c758,0x00000000ff600000)
  to   space 80384K, 0% used [0x00000000f5700000,0x00000000f5700000,0x00000000fa580000)
 ParOldGen       total 249344K, used 192970K [0x0000000080000000, 0x000000008f380000, 0x00000000d5580000)
  object space 249344K, 77% used [0x0000000080000000,0x000000008bc72848,0x000000008f380000)
 Metaspace       used 122949K, capacity 131494K, committed 132632K, reserved 1165312K
  class space    used 15582K, capacity 17028K, committed 17456K, reserved 1048576K
}

